<?xml version="1.0" encoding="UTF-8"?>
<!-- Generated by org.testng.reporters.JUnitReportReporter -->
<testsuite skipped="0" hostname="Lenovo-PC" name="com.module.Launch" tests="1" failures="0" timestamp="08 Jul 2019 07:21:08 GMT" time="27.023" errors="0">
  <testcase name="executeLaunch" time="27.023" classname="com.module.Launch"/>
</testsuite> <!-- com.module.Launch -->
