<?xml version="1.0" encoding="UTF-8"?>
<!-- Generated by org.testng.reporters.JUnitReportReporter -->
<testsuite skipped="0" hostname="Lenovo-PC" name="com.module.Login" tests="1" failures="0" timestamp="29 Jun 2019 14:55:42 GMT" time="4.596" errors="0">
  <testcase name="executeLoginwithValidds" time="4.596" classname="com.module.Login"/>
</testsuite> <!-- com.module.Login -->
