<?xml version="1.0" encoding="UTF-8"?>
<!-- Generated by org.testng.reporters.JUnitReportReporter -->
<testsuite skipped="0" hostname="Lenovo-PC" name="com.module.Launch" tests="1" failures="0" timestamp="29 Jun 2019 14:55:42 GMT" time="9.077" errors="0">
  <testcase name="executeLaunch" time="9.077" classname="com.module.Launch"/>
</testsuite> <!-- com.module.Launch -->
